<?xml version="1.0" encoding="UTF-8"?>
<testsuite name="com.clholdings.pass_shoot.springboot.web.PostsApiControllerTest" tests="2" skipped="0" failures="0" errors="0" timestamp="2021-04-26T03:40:48" hostname="DESKTOP-4PEE67V" time="1.681">
  <properties/>
  <testcase name="Posts_등록된다()" classname="com.clholdings.pass_shoot.springboot.web.PostsApiControllerTest" time="1.577"/>
  <testcase name="Posts_수정된다()" classname="com.clholdings.pass_shoot.springboot.web.PostsApiControllerTest" time="0.099"/>
  <system-out><![CDATA[12:40:23.271 [Test worker] DEBUG org.springframework.test.context.BootstrapUtils - Instantiating CacheAwareContextLoaderDelegate from class [org.springframework.test.context.cache.DefaultCacheAwareContextLoaderDelegate]
12:40:23.329 [Test worker] DEBUG org.springframework.test.context.BootstrapUtils - Instantiating BootstrapContext using constructor [public org.springframework.test.context.support.DefaultBootstrapContext(java.lang.Class,org.springframework.test.context.CacheAwareContextLoaderDelegate)]
12:40:23.455 [Test worker] DEBUG org.springframework.test.context.BootstrapUtils - Instantiating TestContextBootstrapper for test class [com.clholdings.pass_shoot.springboot.web.PostsApiControllerTest] from class [org.springframework.boot.test.context.SpringBootTestContextBootstrapper]
12:40:23.486 [Test worker] INFO org.springframework.boot.test.context.SpringBootTestContextBootstrapper - Neither @ContextConfiguration nor @ContextHierarchy found for test class [com.clholdings.pass_shoot.springboot.web.PostsApiControllerTest], using SpringBootContextLoader
12:40:23.501 [Test worker] DEBUG org.springframework.test.context.support.AbstractContextLoader - Did not detect default resource location for test class [com.clholdings.pass_shoot.springboot.web.PostsApiControllerTest]: class path resource [com/clholdings/pass_shoot/springboot/web/PostsApiControllerTest-context.xml] does not exist
12:40:23.503 [Test worker] DEBUG org.springframework.test.context.support.AbstractContextLoader - Did not detect default resource location for test class [com.clholdings.pass_shoot.springboot.web.PostsApiControllerTest]: class path resource [com/clholdings/pass_shoot/springboot/web/PostsApiControllerTestContext.groovy] does not exist
12:40:23.504 [Test worker] INFO org.springframework.test.context.support.AbstractContextLoader - Could not detect default resource locations for test class [com.clholdings.pass_shoot.springboot.web.PostsApiControllerTest]: no resource found for suffixes {-context.xml, Context.groovy}.
12:40:23.507 [Test worker] INFO org.springframework.test.context.support.AnnotationConfigContextLoaderUtils - Could not detect default configuration classes for test class [com.clholdings.pass_shoot.springboot.web.PostsApiControllerTest]: PostsApiControllerTest does not declare any static, non-private, non-final, nested classes annotated with @Configuration.
12:40:23.710 [Test worker] DEBUG org.springframework.test.context.support.ActiveProfilesUtils - Could not find an 'annotation declaring class' for annotation type [org.springframework.test.context.ActiveProfiles] and class [com.clholdings.pass_shoot.springboot.web.PostsApiControllerTest]
12:40:24.059 [Test worker] DEBUG org.springframework.context.annotation.ClassPathScanningCandidateComponentProvider - Identified candidate component class: file [C:\Users\ydbon\IdeaProjects\build\classes\java\main\com\clholdings\pass_shoot\springboot\Application.class]
12:40:24.062 [Test worker] INFO org.springframework.boot.test.context.SpringBootTestContextBootstrapper - Found @SpringBootConfiguration com.clholdings.pass_shoot.springboot.Application for test class com.clholdings.pass_shoot.springboot.web.PostsApiControllerTest
12:40:24.436 [Test worker] DEBUG org.springframework.boot.test.context.SpringBootTestContextBootstrapper - @TestExecutionListeners is not present for class [com.clholdings.pass_shoot.springboot.web.PostsApiControllerTest]: using defaults.
12:40:24.438 [Test worker] INFO org.springframework.boot.test.context.SpringBootTestContextBootstrapper - Loaded default TestExecutionListener class names from location [META-INF/spring.factories]: [org.springframework.security.test.context.support.WithSecurityContextTestExecutionListener, org.springframework.security.test.context.support.ReactorContextTestExecutionListener, org.springframework.boot.test.autoconfigure.restdocs.RestDocsTestExecutionListener, org.springframework.boot.test.autoconfigure.web.client.MockRestServiceServerResetTestExecutionListener, org.springframework.boot.test.autoconfigure.web.servlet.MockMvcPrintOnlyOnFailureTestExecutionListener, org.springframework.boot.test.autoconfigure.web.servlet.WebDriverTestExecutionListener, org.springframework.boot.test.autoconfigure.webservices.client.MockWebServiceServerTestExecutionListener, org.springframework.boot.test.mock.mockito.MockitoTestExecutionListener, org.springframework.boot.test.mock.mockito.ResetMocksTestExecutionListener, org.springframework.test.context.web.ServletTestExecutionListener, org.springframework.test.context.support.DirtiesContextBeforeModesTestExecutionListener, org.springframework.test.context.support.DependencyInjectionTestExecutionListener, org.springframework.test.context.support.DirtiesContextTestExecutionListener, org.springframework.test.context.transaction.TransactionalTestExecutionListener, org.springframework.test.context.jdbc.SqlScriptsTestExecutionListener, org.springframework.test.context.event.EventPublishingTestExecutionListener]
12:40:24.538 [Test worker] INFO org.springframework.boot.test.context.SpringBootTestContextBootstrapper - Using TestExecutionListeners: [org.springframework.test.context.web.ServletTestExecutionListener@342dc63a, org.springframework.test.context.support.DirtiesContextBeforeModesTestExecutionListener@16e671e9, org.springframework.boot.test.mock.mockito.MockitoTestExecutionListener@7835b0f4, org.springframework.boot.test.autoconfigure.SpringBootDependencyInjectionTestExecutionListener@5a439de7, org.springframework.test.context.support.DirtiesContextTestExecutionListener@58c83, org.springframework.test.context.transaction.TransactionalTestExecutionListener@25c9cc53, org.springframework.test.context.jdbc.SqlScriptsTestExecutionListener@702e6a0e, org.springframework.security.test.context.support.WithSecurityContextTestExecutionListener@36446d49, org.springframework.test.context.event.EventPublishingTestExecutionListener@1a898e96, org.springframework.security.test.context.support.ReactorContextTestExecutionListener@714972c0, org.springframework.boot.test.autoconfigure.restdocs.RestDocsTestExecutionListener@723418fd, org.springframework.boot.test.autoconfigure.web.client.MockRestServiceServerResetTestExecutionListener@678f1dd7, org.springframework.boot.test.autoconfigure.web.servlet.MockMvcPrintOnlyOnFailureTestExecutionListener@3124c28e, org.springframework.boot.test.autoconfigure.web.servlet.WebDriverTestExecutionListener@bc17918, org.springframework.boot.test.autoconfigure.webservices.client.MockWebServiceServerTestExecutionListener@59e06b6d, org.springframework.boot.test.mock.mockito.ResetMocksTestExecutionListener@461ea423]
12:40:24.550 [Test worker] DEBUG org.springframework.test.context.support.AbstractDirtiesContextTestExecutionListener - Before test class: context [DefaultTestContext@4add092f testClass = PostsApiControllerTest, testInstance = [null], testMethod = [null], testException = [null], mergedContextConfiguration = [WebMergedContextConfiguration@159b2471 testClass = PostsApiControllerTest, locations = '{}', classes = '{class com.clholdings.pass_shoot.springboot.Application}', contextInitializerClasses = '[]', activeProfiles = '{}', propertySourceLocations = '{}', propertySourceProperties = '{org.springframework.boot.test.context.SpringBootTestContextBootstrapper=true, server.port=0}', contextCustomizers = set[org.springframework.boot.test.autoconfigure.actuate.metrics.MetricsExportContextCustomizerFactory$DisableMetricExportContextCustomizer@10aeba93, org.springframework.boot.test.autoconfigure.properties.PropertyMappingContextCustomizer@0, org.springframework.boot.test.autoconfigure.web.servlet.WebDriverContextCustomizerFactory$Customizer@202c07db, org.springframework.boot.test.context.filter.ExcludeFilterContextCustomizer@4e679f27, org.springframework.boot.test.json.DuplicateJsonObjectContextCustomizerFactory$DuplicateJsonObjectContextCustomizer@39d1f1a9, org.springframework.boot.test.mock.mockito.MockitoContextCustomizer@0, org.springframework.boot.test.web.client.TestRestTemplateContextCustomizer@427fe8ed, org.springframework.boot.test.context.SpringBootTestArgs@1, org.springframework.boot.test.context.SpringBootTestWebEnvironment@796b6b26], resourceBasePath = 'src/main/webapp', contextLoader = 'org.springframework.boot.test.context.SpringBootContextLoader', parent = [null]], attributes = map['org.springframework.test.context.web.ServletTestExecutionListener.activateListener' -> false]], class annotated with @DirtiesContext [false] with mode [null].
12:40:24.577 [Test worker] DEBUG org.springframework.test.context.support.DependencyInjectionTestExecutionListener - Performing dependency injection for test context [[DefaultTestContext@4add092f testClass = PostsApiControllerTest, testInstance = com.clholdings.pass_shoot.springboot.web.PostsApiControllerTest@67c96bef, testMethod = [null], testException = [null], mergedContextConfiguration = [WebMergedContextConfiguration@159b2471 testClass = PostsApiControllerTest, locations = '{}', classes = '{class com.clholdings.pass_shoot.springboot.Application}', contextInitializerClasses = '[]', activeProfiles = '{}', propertySourceLocations = '{}', propertySourceProperties = '{org.springframework.boot.test.context.SpringBootTestContextBootstrapper=true, server.port=0}', contextCustomizers = set[org.springframework.boot.test.autoconfigure.actuate.metrics.MetricsExportContextCustomizerFactory$DisableMetricExportContextCustomizer@10aeba93, org.springframework.boot.test.autoconfigure.properties.PropertyMappingContextCustomizer@0, org.springframework.boot.test.autoconfigure.web.servlet.WebDriverContextCustomizerFactory$Customizer@202c07db, org.springframework.boot.test.context.filter.ExcludeFilterContextCustomizer@4e679f27, org.springframework.boot.test.json.DuplicateJsonObjectContextCustomizerFactory$DuplicateJsonObjectContextCustomizer@39d1f1a9, org.springframework.boot.test.mock.mockito.MockitoContextCustomizer@0, org.springframework.boot.test.web.client.TestRestTemplateContextCustomizer@427fe8ed, org.springframework.boot.test.context.SpringBootTestArgs@1, org.springframework.boot.test.context.SpringBootTestWebEnvironment@796b6b26], resourceBasePath = 'src/main/webapp', contextLoader = 'org.springframework.boot.test.context.SpringBootContextLoader', parent = [null]], attributes = map['org.springframework.test.context.web.ServletTestExecutionListener.activateListener' -> false]]].
12:40:24.710 [Test worker] DEBUG org.springframework.test.context.support.TestPropertySourceUtils - Adding inlined properties to environment: {spring.jmx.enabled=false, org.springframework.boot.test.context.SpringBootTestContextBootstrapper=true, server.port=0}

  .   ____          _            __ _ _
 /\\ / ___'_ __ _ _(_)_ __  __ _ \ \ \ \
( ( )\___ | '_ | '_| | '_ \/ _` | \ \ \ \
 \\/  ___)| |_)| | | | | || (_| |  ) ) ) )
  '  |____| .__|_| |_|_| |_\__, | / / / /
 =========|_|==============|___/=/_/_/_/
 :: Spring Boot ::                (v2.4.1)

2021-04-26 12:40:25.789  INFO 13124 --- [    Test worker] c.c.p.s.web.PostsApiControllerTest       : Starting PostsApiControllerTest using Java 1.8.0_261 on DESKTOP-4PEE67V with PID 13124 (started by ydbon in C:\Users\ydbon\IdeaProjects)
2021-04-26 12:40:25.799  INFO 13124 --- [    Test worker] c.c.p.s.web.PostsApiControllerTest       : No active profile set, falling back to default profiles: default
2021-04-26 12:40:28.885  INFO 13124 --- [    Test worker] .s.d.r.c.RepositoryConfigurationDelegate : Bootstrapping Spring Data JPA repositories in DEFAULT mode.
2021-04-26 12:40:29.125  INFO 13124 --- [    Test worker] .s.d.r.c.RepositoryConfigurationDelegate : Finished Spring Data repository scanning in 215 ms. Found 2 JPA repository interfaces.
2021-04-26 12:40:31.703  INFO 13124 --- [    Test worker] o.s.b.w.embedded.tomcat.TomcatWebServer  : Tomcat initialized with port(s): 0 (http)
2021-04-26 12:40:31.737  INFO 13124 --- [    Test worker] o.apache.catalina.core.StandardService   : Starting service [Tomcat]
2021-04-26 12:40:31.738  INFO 13124 --- [    Test worker] org.apache.catalina.core.StandardEngine  : Starting Servlet engine: [Apache Tomcat/9.0.41]
2021-04-26 12:40:32.188  INFO 13124 --- [    Test worker] o.a.c.c.C.[Tomcat].[localhost].[/]       : Initializing Spring embedded WebApplicationContext
2021-04-26 12:40:32.189  INFO 13124 --- [    Test worker] w.s.c.ServletWebServerApplicationContext : Root WebApplicationContext: initialization completed in 6302 ms
2021-04-26 12:40:32.553  INFO 13124 --- [    Test worker] com.zaxxer.hikari.HikariDataSource       : HikariPool-1 - Starting...
2021-04-26 12:40:33.343  INFO 13124 --- [    Test worker] com.zaxxer.hikari.HikariDataSource       : HikariPool-1 - Start completed.
2021-04-26 12:40:33.394  INFO 13124 --- [    Test worker] o.s.b.a.h2.H2ConsoleAutoConfiguration    : H2 console available at '/h2-console'. Database available at 'jdbc:h2:mem:testdb'
2021-04-26 12:40:35.043  INFO 13124 --- [    Test worker] o.hibernate.jpa.internal.util.LogHelper  : HHH000204: Processing PersistenceUnitInfo [name: default]
2021-04-26 12:40:35.304  INFO 13124 --- [    Test worker] org.hibernate.Version                    : HHH000412: Hibernate ORM core version 5.4.25.Final
2021-04-26 12:40:35.998  INFO 13124 --- [    Test worker] o.hibernate.annotations.common.Version   : HCANN000001: Hibernate Commons Annotations {5.1.2.Final}
2021-04-26 12:40:36.536  INFO 13124 --- [    Test worker] org.hibernate.dialect.Dialect            : HHH000400: Using dialect: org.hibernate.dialect.MySQL57Dialect
Hibernate: drop table if exists posts
Hibernate: drop table if exists user
Hibernate: create table posts (id bigint not null auto_increment, created_date datetime(6), modified_date datetime(6), author varchar(255), content TEXT not null, title varchar(500) not null, primary key (id)) engine=InnoDB
Hibernate: create table user (id bigint not null auto_increment, created_date datetime(6), modified_date datetime(6), email varchar(255) not null, name varchar(255) not null, picture varchar(255), role varchar(255) not null, primary key (id)) engine=InnoDB
2021-04-26 12:40:39.271  INFO 13124 --- [    Test worker] o.h.e.t.j.p.i.JtaPlatformInitiator       : HHH000490: Using JtaPlatform implementation: [org.hibernate.engine.transaction.jta.platform.internal.NoJtaPlatform]
2021-04-26 12:40:39.304  INFO 13124 --- [    Test worker] j.LocalContainerEntityManagerFactoryBean : Initialized JPA EntityManagerFactory for persistence unit 'default'
2021-04-26 12:40:42.647  WARN 13124 --- [    Test worker] JpaBaseConfiguration$JpaWebConfiguration : spring.jpa.open-in-view is enabled by default. Therefore, database queries may be performed during view rendering. Explicitly configure spring.jpa.open-in-view to disable this warning
2021-04-26 12:40:45.157  INFO 13124 --- [    Test worker] o.s.s.web.DefaultSecurityFilterChain     : Will secure any request with [org.springframework.security.web.context.request.async.WebAsyncManagerIntegrationFilter@5b3e081d, org.springframework.security.web.context.SecurityContextPersistenceFilter@52831cbf, org.springframework.security.web.header.HeaderWriterFilter@392089ac, org.springframework.security.web.authentication.logout.LogoutFilter@816b03d, org.springframework.security.oauth2.client.web.OAuth2AuthorizationRequestRedirectFilter@2d57a5f4, org.springframework.security.oauth2.client.web.OAuth2LoginAuthenticationFilter@702ce609, org.springframework.security.web.authentication.ui.DefaultLoginPageGeneratingFilter@8ad234c, org.springframework.security.web.authentication.ui.DefaultLogoutPageGeneratingFilter@61c63fb6, org.springframework.security.web.savedrequest.RequestCacheAwareFilter@6ada87d1, org.springframework.security.web.servletapi.SecurityContextHolderAwareRequestFilter@13e3895, org.springframework.security.web.authentication.AnonymousAuthenticationFilter@fe6c0f6, org.springframework.security.web.session.SessionManagementFilter@b879e4b, org.springframework.security.web.access.ExceptionTranslationFilter@1a357d02, org.springframework.security.web.access.intercept.FilterSecurityInterceptor@2e5e45e3]
2021-04-26 12:40:46.368  INFO 13124 --- [    Test worker] o.s.s.concurrent.ThreadPoolTaskExecutor  : Initializing ExecutorService 'applicationTaskExecutor'
2021-04-26 12:40:46.825  INFO 13124 --- [    Test worker] o.s.b.a.w.s.WelcomePageHandlerMapping    : Adding welcome page template: index
2021-04-26 12:40:48.121  INFO 13124 --- [    Test worker] o.s.b.w.embedded.tomcat.TomcatWebServer  : Tomcat started on port(s): 49441 (http) with context path ''
2021-04-26 12:40:48.185  INFO 13124 --- [    Test worker] s.a.ScheduledAnnotationBeanPostProcessor : No TaskScheduler/ScheduledExecutorService bean found for scheduled processing
2021-04-26 12:40:48.231  INFO 13124 --- [    Test worker] c.c.p.s.web.PostsApiControllerTest       : Started PostsApiControllerTest in 23.515 seconds (JVM running for 28.07)
2021-04-26 12:40:48.693  INFO 13124 --- [    Test worker] o.a.c.c.C.[Tomcat].[localhost].[/]       : Initializing Spring TestDispatcherServlet ''
2021-04-26 12:40:48.694  INFO 13124 --- [    Test worker] o.s.t.web.servlet.TestDispatcherServlet  : Initializing Servlet ''
2021-04-26 12:40:48.696  INFO 13124 --- [    Test worker] o.s.t.web.servlet.TestDispatcherServlet  : Completed initialization in 2 ms
Hibernate: insert into posts (created_date, modified_date, author, content, title) values (?, ?, ?, ?, ?)
Hibernate: select posts0_.id as id1_0_, posts0_.created_date as created_2_0_, posts0_.modified_date as modified3_0_, posts0_.author as author4_0_, posts0_.content as content5_0_, posts0_.title as title6_0_ from posts posts0_
Hibernate: select posts0_.id as id1_0_, posts0_.created_date as created_2_0_, posts0_.modified_date as modified3_0_, posts0_.author as author4_0_, posts0_.content as content5_0_, posts0_.title as title6_0_ from posts posts0_
Hibernate: delete from posts where id=?
2021-04-26 12:40:49.869  INFO 13124 --- [    Test worker] o.a.c.c.C.[Tomcat].[localhost].[/]       : Initializing Spring TestDispatcherServlet ''
2021-04-26 12:40:49.869  INFO 13124 --- [    Test worker] o.s.t.web.servlet.TestDispatcherServlet  : Initializing Servlet ''
2021-04-26 12:40:49.873  INFO 13124 --- [    Test worker] o.s.t.web.servlet.TestDispatcherServlet  : Completed initialization in 4 ms
Hibernate: insert into posts (created_date, modified_date, author, content, title) values (?, ?, ?, ?, ?)
Hibernate: select posts0_.id as id1_0_0_, posts0_.created_date as created_2_0_0_, posts0_.modified_date as modified3_0_0_, posts0_.author as author4_0_0_, posts0_.content as content5_0_0_, posts0_.title as title6_0_0_ from posts posts0_ where posts0_.id=?
Hibernate: update posts set created_date=?, modified_date=?, author=?, content=?, title=? where id=?
Hibernate: select posts0_.id as id1_0_, posts0_.created_date as created_2_0_, posts0_.modified_date as modified3_0_, posts0_.author as author4_0_, posts0_.content as content5_0_, posts0_.title as title6_0_ from posts posts0_
Hibernate: select posts0_.id as id1_0_, posts0_.created_date as created_2_0_, posts0_.modified_date as modified3_0_, posts0_.author as author4_0_, posts0_.content as content5_0_, posts0_.title as title6_0_ from posts posts0_
Hibernate: delete from posts where id=?
]]></system-out>
  <system-err><![CDATA[]]></system-err>
</testsuite>
